
==============================================

!Thu Apr 25 09:16:42 COT 2024

Processing file LIB_Registraduria_WSDL\IBMdefined\org\w3\www\xml\_1998\namespace\xml.xsd.
Successfully added file LIB_Registraduria_WSDL\IBMdefined\org\w3\www\xml\_1998\namespace\xml.xsd to BAR file.

==============================================

!Thu Apr 25 09:16:42 COT 2024

Processing file LIB_Registraduria_WSDL\IBMdefined\org\xmlsoap\schemas\soap\envelope\soapenv11.xsd.
Successfully added file LIB_Registraduria_WSDL\IBMdefined\org\xmlsoap\schemas\soap\envelope\soapenv11.xsd to BAR file.

==============================================

!Thu Apr 25 09:16:42 COT 2024

Processing file LIB_Registraduria_WSDL\IBMdefined\soap.xsd.
Successfully added file LIB_Registraduria_WSDL\IBMdefined\soap.xsd to BAR file.

==============================================

!Thu Apr 25 09:16:42 COT 2024

Processing file LIB_Registraduria_WSDL\Registraduria.wsdl.
Successfully added file LIB_Registraduria_WSDL\Registraduria.wsdl to BAR file.

==============================================

!Thu Apr 25 09:16:42 COT 2024

Processing file LIB_Registraduria_WSDL\Registraduria.xsd.
Successfully added file LIB_Registraduria_WSDL\Registraduria.xsd to BAR file.

==============================================

!Thu Apr 25 09:16:42 COT 2024

Processing file LIB_Registraduria_WSDL\Registraduria_InlineSchema1.xsd.
Successfully added file LIB_Registraduria_WSDL\Registraduria_InlineSchema1.xsd to BAR file.
