
==============================================

!Thu Apr 25 09:17:04 COT 2024

Successfully added file LIB_Homologations\common\modules\facade\Modules.esql to BAR file.

Successfully added file LIB_Homologations\common\modules\facade\Modules.esql to BAR file.

Successfully added file LIB_Homologations\common\modules\facade\Modules.esql to BAR file.

Successfully added file LIB_Homologations\common\modules\facade\Modules.esql to BAR file.

Successfully added file LIB_Homologations\common\modules\facade\mq\Modules.esql to BAR file.

Successfully added file LIB_Homologations\common\modules\facade\mq\Modules.esql to BAR file.

Successfully added file LIB_Homologations\common\modules\facade\mq\Modules.esql to BAR file.

Successfully added file LIB_Homologations\common\modules\facade\rest\ModulesREST.esql to BAR file.

Successfully added file LIB_Homologations\common\modules\facade\rest\ModulesREST.esql to BAR file.

Successfully added file LIB_Homologations\common\modules\facade\rest\ModulesREST.esql to BAR file.

Successfully added file LIB_Homologations\common\modules\facade\rest\ModulesREST.esql to BAR file.

Successfully added file LIB_Homologations\common\modules\facade\tcp\ModulesTCP.esql to BAR file.

Successfully added file LIB_Homologations\common\modules\facade\tcp\ModulesTCP.esql to BAR file.

Successfully added file LIB_Homologations\common\modules\service\Modules.esql to BAR file.

Successfully added file LIB_Homologations\common\modules\service\Modules.esql to BAR file.

Successfully added file LIB_Homologations\common\modules\service\Modules.esql to BAR file.

Successfully added file LIB_Homologations\common\procedures\utils\Procedures.esql to BAR file.

Successfully added file LIB_Homologations\common\procedures\utils\Procedures.esql to BAR file.
