
==============================================

!Thu Apr 25 09:17:04 COT 2024

Processing file LIB_Homologations\common\modules\facade\Modules.esql.
Dependent ESQL file common/procedures/utils/Procedures.esql is added to the BAR file.

Dependent ESQL file com/common/global/cache/HomologationCache.esql is added to the BAR file.

Dependent ESQL file com/common/utils/functions/Functions.esql is added to the BAR file.

Successfully added file LIB_Homologations\common\modules\facade\Modules.esql to BAR file.

==============================================

!Thu Apr 25 09:17:04 COT 2024

Processing file LIB_Homologations\common\modules\facade\mq\Modules.esql.
Dependent ESQL file common/procedures/utils/Procedures.esql is added to the BAR file.

Dependent ESQL file com/common/utils/functions/Functions.esql is added to the BAR file.

Successfully added file LIB_Homologations\common\modules\facade\mq\Modules.esql to BAR file.

==============================================

!Thu Apr 25 09:17:04 COT 2024

Processing file LIB_Homologations\common\modules\facade\rest\ModulesREST.esql.
Dependent ESQL file common/procedures/utils/Procedures.esql is added to the BAR file.

Dependent ESQL file com/common/global/cache/HomologationCache.esql is added to the BAR file.

Dependent ESQL file com/common/utils/functions/Functions.esql is added to the BAR file.

Successfully added file LIB_Homologations\common\modules\facade\rest\ModulesREST.esql to BAR file.

==============================================

!Thu Apr 25 09:17:04 COT 2024

Processing file LIB_Homologations\common\modules\facade\tcp\ModulesTCP.esql.
Dependent ESQL file common/procedures/utils/Procedures.esql is added to the BAR file.

Successfully added file LIB_Homologations\common\modules\facade\tcp\ModulesTCP.esql to BAR file.

==============================================

!Thu Apr 25 09:17:04 COT 2024

Processing file LIB_Homologations\common\modules\service\Modules.esql.
Dependent ESQL file common/procedures/utils/Procedures.esql is added to the BAR file.

Dependent ESQL file com/common/global/cache/HomologationCache.esql is added to the BAR file.

Successfully added file LIB_Homologations\common\modules\service\Modules.esql to BAR file.

==============================================

!Thu Apr 25 09:17:04 COT 2024

Processing file LIB_Homologations\common\procedures\utils\Procedures.esql.
Dependent ESQL file com/common/utils/functions/Functions.esql is added to the BAR file.

Successfully added file LIB_Homologations\common\procedures\utils\Procedures.esql to BAR file.
